2025/07/02 07:02:32 [notice] 1#1: using the "epoll" event method
2025/07/02 07:02:32 [notice] 1#1: nginx/1.27.5
2025/07/02 07:02:32 [notice] 1#1: built by gcc 12.2.0 (Debian 12.2.0-14) 
2025/07/02 07:02:32 [notice] 1#1: OS: Linux 6.10.14-linuxkit
2025/07/02 07:02:32 [notice] 1#1: getrlimit(RLIMIT_NOFILE): 1048576:1048576
2025/07/02 07:02:32 [notice] 1#1: start worker processes
2025/07/02 07:02:32 [notice] 1#1: start worker process 22
2025/07/02 07:02:32 [notice] 1#1: start worker process 23
2025/07/02 07:02:32 [notice] 1#1: start worker process 24
2025/07/02 07:02:32 [notice] 1#1: start worker process 25
2025/07/02 07:02:32 [notice] 1#1: start worker process 26
2025/07/02 07:02:32 [notice] 1#1: start worker process 27
2025/07/02 07:02:32 [notice] 1#1: start worker process 28
2025/07/02 07:02:32 [notice] 1#1: start worker process 29
2025/07/02 07:02:46 [notice] 1#1: signal 3 (SIGQUIT) received, shutting down
2025/07/02 07:02:46 [notice] 24#24: gracefully shutting down
2025/07/02 07:02:46 [notice] 24#24: exiting
2025/07/02 07:02:46 [notice] 23#23: gracefully shutting down
2025/07/02 07:02:46 [notice] 23#23: exiting
2025/07/02 07:02:46 [notice] 29#29: gracefully shutting down
2025/07/02 07:02:46 [notice] 25#25: gracefully shutting down
2025/07/02 07:02:46 [notice] 28#28: gracefully shutting down
2025/07/02 07:02:46 [notice] 28#28: exiting
2025/07/02 07:02:46 [notice] 27#27: gracefully shutting down
2025/07/02 07:02:46 [notice] 27#27: exiting
2025/07/02 07:02:46 [notice] 22#22: gracefully shutting down
2025/07/02 07:02:46 [notice] 26#26: gracefully shutting down
2025/07/02 07:02:46 [notice] 24#24: exit
2025/07/02 07:02:46 [notice] 23#23: exit
2025/07/02 07:02:46 [notice] 29#29: exiting
2025/07/02 07:02:46 [notice] 25#25: exiting
2025/07/02 07:02:46 [notice] 28#28: exit
2025/07/02 07:02:46 [notice] 27#27: exit
2025/07/02 07:02:46 [notice] 22#22: exiting
2025/07/02 07:02:46 [notice] 26#26: exiting
2025/07/02 07:02:46 [notice] 29#29: exit
2025/07/02 07:02:46 [notice] 25#25: exit
2025/07/02 07:02:46 [notice] 22#22: exit
2025/07/02 07:02:46 [notice] 26#26: exit
2025/07/02 07:02:46 [notice] 1#1: signal 17 (SIGCHLD) received from 27
2025/07/02 07:02:46 [notice] 1#1: worker process 24 exited with code 0
2025/07/02 07:02:46 [notice] 1#1: worker process 25 exited with code 0
2025/07/02 07:02:46 [notice] 1#1: worker process 26 exited with code 0
2025/07/02 07:02:46 [notice] 1#1: worker process 27 exited with code 0
2025/07/02 07:02:46 [notice] 1#1: worker process 28 exited with code 0
2025/07/02 07:02:46 [notice] 1#1: signal 29 (SIGIO) received
2025/07/02 07:02:46 [notice] 1#1: signal 17 (SIGCHLD) received from 28
2025/07/02 07:02:46 [notice] 1#1: signal 17 (SIGCHLD) received from 29
2025/07/02 07:02:46 [notice] 1#1: worker process 22 exited with code 0
2025/07/02 07:02:46 [notice] 1#1: worker process 23 exited with code 0
2025/07/02 07:02:46 [notice] 1#1: worker process 29 exited with code 0
2025/07/02 07:02:46 [notice] 1#1: exit
2025/07/02 07:03:38 [notice] 1#1: using the "epoll" event method
2025/07/02 07:03:38 [notice] 1#1: nginx/1.27.5
2025/07/02 07:03:38 [notice] 1#1: built by gcc 12.2.0 (Debian 12.2.0-14) 
2025/07/02 07:03:38 [notice] 1#1: OS: Linux 6.10.14-linuxkit
2025/07/02 07:03:38 [notice] 1#1: getrlimit(RLIMIT_NOFILE): 1048576:1048576
2025/07/02 07:03:38 [notice] 1#1: start worker processes
2025/07/02 07:03:38 [notice] 1#1: start worker process 21
2025/07/02 07:03:38 [notice] 1#1: start worker process 22
2025/07/02 07:03:38 [notice] 1#1: start worker process 23
2025/07/02 07:03:38 [notice] 1#1: start worker process 24
2025/07/02 07:03:38 [notice] 1#1: start worker process 25
2025/07/02 07:03:38 [notice] 1#1: start worker process 26
2025/07/02 07:03:38 [notice] 1#1: start worker process 27
2025/07/02 07:03:38 [notice] 1#1: start worker process 28
2025/07/02 07:05:02 [notice] 1#1: signal 3 (SIGQUIT) received, shutting down
2025/07/02 07:05:02 [notice] 24#24: gracefully shutting down
2025/07/02 07:05:02 [notice] 24#24: exiting
2025/07/02 07:05:02 [notice] 22#22: gracefully shutting down
2025/07/02 07:05:02 [notice] 22#22: exiting
2025/07/02 07:05:02 [notice] 21#21: gracefully shutting down
2025/07/02 07:05:02 [notice] 21#21: exiting
2025/07/02 07:05:02 [notice] 23#23: gracefully shutting down
2025/07/02 07:05:02 [notice] 27#27: gracefully shutting down
2025/07/02 07:05:02 [notice] 26#26: gracefully shutting down
2025/07/02 07:05:02 [notice] 25#25: gracefully shutting down
2025/07/02 07:05:02 [notice] 25#25: exiting
2025/07/02 07:05:02 [notice] 28#28: gracefully shutting down
2025/07/02 07:05:02 [notice] 25#25: exit
2025/07/02 07:05:02 [notice] 24#24: exit
2025/07/02 07:05:02 [notice] 22#22: exit
2025/07/02 07:05:02 [notice] 21#21: exit
2025/07/02 07:05:02 [notice] 23#23: exiting
2025/07/02 07:05:02 [notice] 27#27: exiting
2025/07/02 07:05:02 [notice] 26#26: exiting
2025/07/02 07:05:02 [notice] 28#28: exiting
2025/07/02 07:05:02 [notice] 23#23: exit
2025/07/02 07:05:02 [notice] 27#27: exit
2025/07/02 07:05:02 [notice] 26#26: exit
2025/07/02 07:05:02 [notice] 28#28: exit
2025/07/02 07:05:02 [notice] 1#1: signal 17 (SIGCHLD) received from 23
2025/07/02 07:05:02 [notice] 1#1: worker process 23 exited with code 0
2025/07/02 07:05:02 [notice] 1#1: worker process 24 exited with code 0
2025/07/02 07:05:02 [notice] 1#1: worker process 21 exited with code 0
2025/07/02 07:05:02 [notice] 1#1: worker process 22 exited with code 0
2025/07/02 07:05:02 [notice] 1#1: worker process 25 exited with code 0
2025/07/02 07:05:02 [notice] 1#1: worker process 26 exited with code 0
2025/07/02 07:05:02 [notice] 1#1: worker process 27 exited with code 0
2025/07/02 07:05:02 [notice] 1#1: worker process 28 exited with code 0
2025/07/02 07:05:02 [notice] 1#1: exit
2025/07/02 07:07:28 [notice] 1#1: using the "epoll" event method
2025/07/02 07:07:28 [notice] 1#1: nginx/1.27.5
2025/07/02 07:07:28 [notice] 1#1: built by gcc 12.2.0 (Debian 12.2.0-14) 
2025/07/02 07:07:28 [notice] 1#1: OS: Linux 6.10.14-linuxkit
2025/07/02 07:07:28 [notice] 1#1: getrlimit(RLIMIT_NOFILE): 1048576:1048576
2025/07/02 07:07:28 [notice] 1#1: start worker processes
2025/07/02 07:07:28 [notice] 1#1: start worker process 22
2025/07/02 07:07:28 [notice] 1#1: start worker process 23
2025/07/02 07:07:28 [notice] 1#1: start worker process 24
2025/07/02 07:07:28 [notice] 1#1: start worker process 25
2025/07/02 07:07:28 [notice] 1#1: start worker process 26
2025/07/02 07:07:28 [notice] 1#1: start worker process 27
2025/07/02 07:07:28 [notice] 1#1: start worker process 28
2025/07/02 07:07:28 [notice] 1#1: start worker process 29
2025/07/02 07:09:10 [notice] 1#1: signal 3 (SIGQUIT) received, shutting down
2025/07/02 07:09:10 [notice] 22#22: gracefully shutting down
2025/07/02 07:09:10 [notice] 22#22: exiting
2025/07/02 07:09:10 [notice] 24#24: gracefully shutting down
2025/07/02 07:09:10 [notice] 25#25: gracefully shutting down
2025/07/02 07:09:10 [notice] 26#26: gracefully shutting down
2025/07/02 07:09:10 [notice] 23#23: gracefully shutting down
2025/07/02 07:09:10 [notice] 28#28: gracefully shutting down
2025/07/02 07:09:10 [notice] 29#29: gracefully shutting down
2025/07/02 07:09:10 [notice] 27#27: gracefully shutting down
2025/07/02 07:09:10 [notice] 22#22: exit
2025/07/02 07:09:10 [notice] 24#24: exiting
2025/07/02 07:09:10 [notice] 24#24: exit
2025/07/02 07:09:10 [notice] 25#25: exiting
2025/07/02 07:09:10 [notice] 26#26: exiting
2025/07/02 07:09:10 [notice] 23#23: exiting
2025/07/02 07:09:10 [notice] 28#28: exiting
2025/07/02 07:09:10 [notice] 29#29: exiting
2025/07/02 07:09:10 [notice] 29#29: exit
2025/07/02 07:09:10 [notice] 27#27: exiting
2025/07/02 07:09:10 [notice] 25#25: exit
2025/07/02 07:09:10 [notice] 26#26: exit
2025/07/02 07:09:10 [notice] 23#23: exit
2025/07/02 07:09:10 [notice] 28#28: exit
2025/07/02 07:09:10 [notice] 27#27: exit
2025/07/02 07:09:10 [notice] 1#1: signal 17 (SIGCHLD) received from 22
2025/07/02 07:09:10 [notice] 1#1: worker process 22 exited with code 0
2025/07/02 07:09:10 [notice] 1#1: signal 29 (SIGIO) received
2025/07/02 07:09:10 [notice] 1#1: signal 17 (SIGCHLD) received from 26
2025/07/02 07:09:10 [notice] 1#1: worker process 24 exited with code 0
2025/07/02 07:09:10 [notice] 1#1: worker process 23 exited with code 0
2025/07/02 07:09:10 [notice] 1#1: worker process 25 exited with code 0
2025/07/02 07:09:10 [notice] 1#1: worker process 26 exited with code 0
2025/07/02 07:09:10 [notice] 1#1: worker process 27 exited with code 0
2025/07/02 07:09:10 [notice] 1#1: worker process 29 exited with code 0
2025/07/02 07:09:10 [notice] 1#1: signal 29 (SIGIO) received
2025/07/02 07:09:10 [notice] 1#1: signal 17 (SIGCHLD) received from 27
2025/07/02 07:09:10 [notice] 1#1: signal 17 (SIGCHLD) received from 28
2025/07/02 07:09:10 [notice] 1#1: worker process 28 exited with code 0
2025/07/02 07:09:10 [notice] 1#1: exit
2025/07/02 07:09:57 [notice] 1#1: using the "epoll" event method
2025/07/02 07:09:57 [notice] 1#1: nginx/1.27.5
2025/07/02 07:09:57 [notice] 1#1: built by gcc 12.2.0 (Debian 12.2.0-14) 
2025/07/02 07:09:57 [notice] 1#1: OS: Linux 6.10.14-linuxkit
2025/07/02 07:09:57 [notice] 1#1: getrlimit(RLIMIT_NOFILE): 1048576:1048576
2025/07/02 07:09:57 [notice] 1#1: start worker processes
2025/07/02 07:09:57 [notice] 1#1: start worker process 21
2025/07/02 07:09:57 [notice] 1#1: start worker process 22
2025/07/02 07:09:57 [notice] 1#1: start worker process 23
2025/07/02 07:09:57 [notice] 1#1: start worker process 24
2025/07/02 07:09:57 [notice] 1#1: start worker process 25
2025/07/02 07:09:57 [notice] 1#1: start worker process 26
2025/07/02 07:09:57 [notice] 1#1: start worker process 27
2025/07/02 07:09:57 [notice] 1#1: start worker process 28
2025/07/02 07:11:13 [notice] 1#1: signal 3 (SIGQUIT) received, shutting down
2025/07/02 07:11:13 [notice] 22#22: gracefully shutting down
2025/07/02 07:11:13 [notice] 27#27: gracefully shutting down
2025/07/02 07:11:13 [notice] 26#26: gracefully shutting down
2025/07/02 07:11:13 [notice] 24#24: gracefully shutting down
2025/07/02 07:11:13 [notice] 25#25: gracefully shutting down
2025/07/02 07:11:13 [notice] 25#25: exiting
2025/07/02 07:11:13 [notice] 28#28: gracefully shutting down
2025/07/02 07:11:13 [notice] 28#28: exiting
2025/07/02 07:11:13 [notice] 21#21: gracefully shutting down
2025/07/02 07:11:13 [notice] 22#22: exiting
2025/07/02 07:11:13 [notice] 22#22: exit
2025/07/02 07:11:13 [notice] 27#27: exiting
2025/07/02 07:11:13 [notice] 26#26: exiting
2025/07/02 07:11:13 [notice] 23#23: gracefully shutting down
2025/07/02 07:11:13 [notice] 23#23: exiting
2025/07/02 07:11:13 [notice] 24#24: exiting
2025/07/02 07:11:13 [notice] 25#25: exit
2025/07/02 07:11:13 [notice] 28#28: exit
2025/07/02 07:11:13 [notice] 21#21: exiting
2025/07/02 07:11:13 [notice] 27#27: exit
2025/07/02 07:11:13 [notice] 26#26: exit
2025/07/02 07:11:13 [notice] 23#23: exit
2025/07/02 07:11:13 [notice] 24#24: exit
2025/07/02 07:11:13 [notice] 21#21: exit
2025/07/02 07:11:13 [notice] 1#1: signal 17 (SIGCHLD) received from 22
2025/07/02 07:11:13 [notice] 1#1: worker process 22 exited with code 0
2025/07/02 07:11:13 [notice] 1#1: signal 29 (SIGIO) received
2025/07/02 07:11:13 [notice] 1#1: signal 17 (SIGCHLD) received from 21
2025/07/02 07:11:13 [notice] 1#1: worker process 21 exited with code 0
2025/07/02 07:11:13 [notice] 1#1: worker process 25 exited with code 0
2025/07/02 07:11:13 [notice] 1#1: worker process 24 exited with code 0
2025/07/02 07:11:13 [notice] 1#1: worker process 23 exited with code 0
2025/07/02 07:11:13 [notice] 1#1: worker process 26 exited with code 0
2025/07/02 07:11:13 [notice] 1#1: worker process 27 exited with code 0
2025/07/02 07:11:13 [notice] 1#1: worker process 28 exited with code 0
2025/07/02 07:11:13 [notice] 1#1: exit
